This is pdfTeX, Version 3.141592653-2.6-1.40.26 (TeX Live 2024) (preloaded format=pdflatex 2024.12.3)  8 AUG 2025 17:58
entering extended mode
 restricted \write18 enabled.
 %&-line parsing enabled.
**paper-blinded-resubmit.tex
(./paper-blinded-resubmit.tex
LaTeX2e <2024-11-01> patch level 1
L3 programming layer <2024-11-02>
(/Users/macbookair/Library/TinyTeX/texmf-dist/tex/latex/base/article.cls
Document Class: article 2024/06/29 v1.4n Standard LaTeX document class
(/Users/macbookair/Library/TinyTeX/texmf-dist/tex/latex/base/size12.clo
File: size12.clo 2024/06/29 v1.4n Standard LaTeX file (size option)
)
\c@part=\count196
\c@section=\count197
\c@subsection=\count198
\c@subsubsection=\count199
\c@paragraph=\count266
\c@subparagraph=\count267
\c@figure=\count268
\c@table=\count269
\abovecaptionskip=\skip49
\belowcaptionskip=\skip50
\bibindent=\dimen141
) (/Users/macbookair/Library/TinyTeX/texmf-dist/tex/latex/amsmath/amsmath.sty
Package: amsmath 2024/11/05 v2.17t AMS math features
\@mathmargin=\skip51

For additional information on amsmath, use the `?' option.
(/Users/macbookair/Library/TinyTeX/texmf-dist/tex/latex/amsmath/amstext.sty
Package: amstext 2021/08/26 v2.01 AMS text
 (/Users/macbookair/Library/TinyTeX/texmf-dist/tex/latex/amsmath/amsgen.sty
File: amsgen.sty 1999/11/30 v2.0 generic functions
\@emptytoks=\toks17
\ex@=\dimen142
)) (/Users/macbookair/Library/TinyTeX/texmf-dist/tex/latex/amsmath/amsbsy.sty
Package: amsbsy 1999/11/29 v1.2d Bold Symbols
\pmbraise@=\dimen143
) (/Users/macbookair/Library/TinyTeX/texmf-dist/tex/latex/amsmath/amsopn.sty
Package: amsopn 2022/04/08 v2.04 operator names
)
\inf@bad=\count270
LaTeX Info: Redefining \frac on input line 233.
\uproot@=\count271
\leftroot@=\count272
LaTeX Info: Redefining \overline on input line 398.
LaTeX Info: Redefining \colon on input line 409.
\classnum@=\count273
\DOTSCASE@=\count274
LaTeX Info: Redefining \ldots on input line 495.
LaTeX Info: Redefining \dots on input line 498.
LaTeX Info: Redefining \cdots on input line 619.
\Mathstrutbox@=\box52
\strutbox@=\box53
LaTeX Info: Redefining \big on input line 721.
LaTeX Info: Redefining \Big on input line 722.
LaTeX Info: Redefining \bigg on input line 723.
LaTeX Info: Redefining \Bigg on input line 724.
\big@size=\dimen144
LaTeX Font Info:    Redeclaring font encoding OML on input line 742.
LaTeX Font Info:    Redeclaring font encoding OMS on input line 743.
\macc@depth=\count275
LaTeX Info: Redefining \bmod on input line 904.
LaTeX Info: Redefining \pmod on input line 909.
LaTeX Info: Redefining \smash on input line 939.
LaTeX Info: Redefining \relbar on input line 969.
LaTeX Info: Redefining \Relbar on input line 970.
\c@MaxMatrixCols=\count276
\dotsspace@=\muskip17
\c@parentequation=\count277
\dspbrk@lvl=\count278
\tag@help=\toks18
\row@=\count279
\column@=\count280
\maxfields@=\count281
\andhelp@=\toks19
\eqnshift@=\dimen145
\alignsep@=\dimen146
\tagshift@=\dimen147
\tagwidth@=\dimen148
\totwidth@=\dimen149
\lineht@=\dimen150
\@envbody=\toks20
\multlinegap=\skip52
\multlinetaggap=\skip53
\mathdisplay@stack=\toks21
LaTeX Info: Redefining \[ on input line 2953.
LaTeX Info: Redefining \] on input line 2954.
) (/Users/macbookair/Library/TinyTeX/texmf-dist/tex/latex/amsfonts/amssymb.sty
Package: amssymb 2013/01/14 v3.01 AMS font symbols
 (/Users/macbookair/Library/TinyTeX/texmf-dist/tex/latex/amsfonts/amsfonts.sty
Package: amsfonts 2013/01/14 v3.01 Basic AMSFonts support
\symAMSa=\mathgroup4
\symAMSb=\mathgroup5
LaTeX Font Info:    Redeclaring math symbol \hbar on input line 98.
LaTeX Font Info:    Overwriting math alphabet `\mathfrak' in version `bold'
(Font)                  U/euf/m/n --> U/euf/b/n on input line 106.
)) (/Users/macbookair/Library/TinyTeX/texmf-dist/tex/latex/setspace/setspace.sty
Package: setspace 2022/12/04 v6.7b set line spacing
) (/Users/macbookair/Library/TinyTeX/texmf-dist/tex/generic/iftex/iftex.sty
Package: iftex 2022/02/03 v1.0f TeX engine tests
) (/Users/macbookair/Library/TinyTeX/texmf-dist/tex/latex/base/fontenc.sty
Package: fontenc 2021/04/29 v2.0v Standard LaTeX package
) (/Users/macbookair/Library/TinyTeX/texmf-dist/tex/latex/base/inputenc.sty
Package: inputenc 2024/02/08 v1.3d Input encoding file
\inpenc@prehook=\toks22
\inpenc@posthook=\toks23
) (/Users/macbookair/Library/TinyTeX/texmf-dist/tex/latex/base/textcomp.sty
Package: textcomp 2024/04/24 v2.1b Standard LaTeX package
) (/Users/macbookair/Library/TinyTeX/texmf-dist/tex/latex/lm/lmodern.sty
Package: lmodern 2015/05/01 v1.6.1 Latin Modern Fonts
LaTeX Font Info:    Overwriting symbol font `operators' in version `normal'
(Font)                  OT1/cmr/m/n --> OT1/lmr/m/n on input line 22.
LaTeX Font Info:    Overwriting symbol font `letters' in version `normal'
(Font)                  OML/cmm/m/it --> OML/lmm/m/it on input line 23.
LaTeX Font Info:    Overwriting symbol font `symbols' in version `normal'
(Font)                  OMS/cmsy/m/n --> OMS/lmsy/m/n on input line 24.
LaTeX Font Info:    Overwriting symbol font `largesymbols' in version `normal'
(Font)                  OMX/cmex/m/n --> OMX/lmex/m/n on input line 25.
LaTeX Font Info:    Overwriting symbol font `operators' in version `bold'
(Font)                  OT1/cmr/bx/n --> OT1/lmr/bx/n on input line 26.
LaTeX Font Info:    Overwriting symbol font `letters' in version `bold'
(Font)                  OML/cmm/b/it --> OML/lmm/b/it on input line 27.
LaTeX Font Info:    Overwriting symbol font `symbols' in version `bold'
(Font)                  OMS/cmsy/b/n --> OMS/lmsy/b/n on input line 28.
LaTeX Font Info:    Overwriting symbol font `largesymbols' in version `bold'
(Font)                  OMX/cmex/m/n --> OMX/lmex/m/n on input line 29.
LaTeX Font Info:    Overwriting math alphabet `\mathbf' in version `normal'
(Font)                  OT1/cmr/bx/n --> OT1/lmr/bx/n on input line 31.
LaTeX Font Info:    Overwriting math alphabet `\mathsf' in version `normal'
(Font)                  OT1/cmss/m/n --> OT1/lmss/m/n on input line 32.
LaTeX Font Info:    Overwriting math alphabet `\mathit' in version `normal'
(Font)                  OT1/cmr/m/it --> OT1/lmr/m/it on input line 33.
LaTeX Font Info:    Overwriting math alphabet `\mathtt' in version `normal'
(Font)                  OT1/cmtt/m/n --> OT1/lmtt/m/n on input line 34.
LaTeX Font Info:    Overwriting math alphabet `\mathbf' in version `bold'
(Font)                  OT1/cmr/bx/n --> OT1/lmr/bx/n on input line 35.
LaTeX Font Info:    Overwriting math alphabet `\mathsf' in version `bold'
(Font)                  OT1/cmss/bx/n --> OT1/lmss/bx/n on input line 36.
LaTeX Font Info:    Overwriting math alphabet `\mathit' in version `bold'
(Font)                  OT1/cmr/bx/it --> OT1/lmr/bx/it on input line 37.
LaTeX Font Info:    Overwriting math alphabet `\mathtt' in version `bold'
(Font)                  OT1/cmtt/m/n --> OT1/lmtt/m/n on input line 38.
) (/Users/macbookair/Library/TinyTeX/texmf-dist/tex/latex/upquote/upquote.sty
Package: upquote 2012/04/19 v1.3 upright-quote and grave-accent glyphs in verbatim
) (/Users/macbookair/Library/TinyTeX/texmf-dist/tex/latex/microtype/microtype.sty
Package: microtype 2024/03/29 v3.1b Micro-typographical refinements (RS)
 (/Users/macbookair/Library/TinyTeX/texmf-dist/tex/latex/graphics/keyval.sty
Package: keyval 2022/05/29 v1.15 key=value parser (DPC)
\KV@toks@=\toks24
) (/Users/macbookair/Library/TinyTeX/texmf-dist/tex/latex/etoolbox/etoolbox.sty
Package: etoolbox 2020/10/05 v2.5k e-TeX tools for LaTeX (JAW)
\etb@tempcnta=\count282
)
\MT@toks=\toks25
\MT@tempbox=\box54
\MT@count=\count283
LaTeX Info: Redefining \noprotrusionifhmode on input line 1061.
LaTeX Info: Redefining \leftprotrusion on input line 1062.
\MT@prot@toks=\toks26
LaTeX Info: Redefining \rightprotrusion on input line 1081.
LaTeX Info: Redefining \textls on input line 1392.
\MT@outer@kern=\dimen151
LaTeX Info: Redefining \textmicrotypecontext on input line 2013.
\MT@listname@count=\count284
 (/Users/macbookair/Library/TinyTeX/texmf-dist/tex/latex/microtype/microtype-pdftex.def
File: microtype-pdftex.def 2024/03/29 v3.1b Definitions specific to pdftex (RS)
LaTeX Info: Redefining \lsstyle on input line 902.
LaTeX Info: Redefining \lslig on input line 902.
\MT@outer@space=\skip54
)
Package microtype Info: Loading configuration file microtype.cfg.
 (/Users/macbookair/Library/TinyTeX/texmf-dist/tex/latex/microtype/microtype.cfg
File: microtype.cfg 2024/03/29 v3.1b microtype main configuration file (RS)
)) (/Users/macbookair/Library/TinyTeX/texmf-dist/tex/latex/parskip/parskip.sty
Package: parskip 2021-03-14 v2.0h non-zero parskip adjustments
 (/Users/macbookair/Library/TinyTeX/texmf-dist/tex/latex/kvoptions/kvoptions.sty
Package: kvoptions 2022-06-15 v3.15 Key value format for package options (HO)
 (/Users/macbookair/Library/TinyTeX/texmf-dist/tex/generic/ltxcmds/ltxcmds.sty
Package: ltxcmds 2023-12-04 v1.26 LaTeX kernel commands for general use (HO)
) (/Users/macbookair/Library/TinyTeX/texmf-dist/tex/latex/kvsetkeys/kvsetkeys.sty
Package: kvsetkeys 2022-10-05 v1.19 Key value parser (HO)
))) (/Users/macbookair/Library/TinyTeX/texmf-dist/tex/latex/xcolor/xcolor.sty
Package: xcolor 2024/09/29 v3.02 LaTeX color extensions (UK)
 (/Users/macbookair/Library/TinyTeX/texmf-dist/tex/latex/graphics-cfg/color.cfg
File: color.cfg 2016/01/02 v1.6 sample color configuration
)
Package xcolor Info: Driver file: pdftex.def on input line 274.
 (/Users/macbookair/Library/TinyTeX/texmf-dist/tex/latex/graphics-def/pdftex.def
File: pdftex.def 2024/04/13 v1.2c Graphics/color driver for pdftex
) (/Users/macbookair/Library/TinyTeX/texmf-dist/tex/latex/graphics/mathcolor.ltx)
Package xcolor Info: Model `cmy' substituted by `cmy0' on input line 1349.
Package xcolor Info: Model `hsb' substituted by `rgb' on input line 1353.
Package xcolor Info: Model `RGB' extended on input line 1365.
Package xcolor Info: Model `HTML' substituted by `rgb' on input line 1367.
Package xcolor Info: Model `Hsb' substituted by `hsb' on input line 1368.
Package xcolor Info: Model `tHsb' substituted by `hsb' on input line 1369.
Package xcolor Info: Model `HSB' substituted by `hsb' on input line 1370.
Package xcolor Info: Model `Gray' substituted by `gray' on input line 1371.
Package xcolor Info: Model `wave' substituted by `hsb' on input line 1372.
) (/Users/macbookair/Library/TinyTeX/texmf-dist/tex/latex/graphics/dvipsnam.def
File: dvipsnam.def 2016/06/17 v3.0m Driver-dependent file (DPC,SPQR)
) (/Users/macbookair/Library/TinyTeX/texmf-dist/tex/latex/xcolor/svgnam.def
File: svgnam.def 2024/09/29 v3.02 Predefined colors according to SVG 1.1 (UK)
) (/Users/macbookair/Library/TinyTeX/texmf-dist/tex/latex/xcolor/x11nam.def
File: x11nam.def 2024/09/29 v3.02 Predefined colors according to Unix/X11 (UK)
) (/Users/macbookair/Library/TinyTeX/texmf-dist/tex/latex/geometry/geometry.sty
Package: geometry 2020/01/02 v5.9 Page Geometry
 (/Users/macbookair/Library/TinyTeX/texmf-dist/tex/generic/iftex/ifvtex.sty
Package: ifvtex 2019/10/25 v1.7 ifvtex legacy package. Use iftex instead.
)
\Gm@cnth=\count285
\Gm@cntv=\count286
\c@Gm@tempcnt=\count287
\Gm@bindingoffset=\dimen152
\Gm@wd@mp=\dimen153
\Gm@odd@mp=\dimen154
\Gm@even@mp=\dimen155
\Gm@layoutwidth=\dimen156
\Gm@layoutheight=\dimen157
\Gm@layouthoffset=\dimen158
\Gm@layoutvoffset=\dimen159
\Gm@dimlist=\toks27
) (/Users/macbookair/Library/TinyTeX/texmf-dist/tex/latex/tools/longtable.sty
Package: longtable 2024-10-27 v4.22 Multi-page Table package (DPC)
\LTleft=\skip55
\LTright=\skip56
\LTpre=\skip57
\LTpost=\skip58
\LTchunksize=\count288
\LTcapwidth=\dimen160
\LT@head=\box55
\LT@firsthead=\box56
\LT@foot=\box57
\LT@lastfoot=\box58
\LT@gbox=\box59
\LT@cols=\count289
\LT@rows=\count290
\c@LT@tables=\count291
\c@LT@chunks=\count292
\LT@p@ftn=\toks28
) (/Users/macbookair/Library/TinyTeX/texmf-dist/tex/latex/booktabs/booktabs.sty
Package: booktabs 2020/01/12 v1.61803398 Publication quality tables
\heavyrulewidth=\dimen161
\lightrulewidth=\dimen162
\cmidrulewidth=\dimen163
\belowrulesep=\dimen164
\belowbottomsep=\dimen165
\aboverulesep=\dimen166
\abovetopsep=\dimen167
\cmidrulesep=\dimen168
\cmidrulekern=\dimen169
\defaultaddspace=\dimen170
\@cmidla=\count293
\@cmidlb=\count294
\@aboverulesep=\dimen171
\@belowrulesep=\dimen172
\@thisruleclass=\count295
\@lastruleclass=\count296
\@thisrulewidth=\dimen173
) (/Users/macbookair/Library/TinyTeX/texmf-dist/tex/latex/tools/array.sty
Package: array 2024/10/17 v2.6g Tabular extension package (FMi)
\col@sep=\dimen174
\ar@mcellbox=\box60
\extrarowheight=\dimen175
\NC@list=\toks29
\extratabsurround=\skip59
\backup@length=\skip60
\ar@cellbox=\box61
) (/Users/macbookair/Library/TinyTeX/texmf-dist/tex/latex/tools/calc.sty
Package: calc 2023/07/08 v4.3 Infix arithmetic (KKT,FJ)
\calc@Acount=\count297
\calc@Bcount=\count298
\calc@Adimen=\dimen176
\calc@Bdimen=\dimen177
\calc@Askip=\skip61
\calc@Bskip=\skip62
LaTeX Info: Redefining \setlength on input line 80.
LaTeX Info: Redefining \addtolength on input line 81.
\calc@Ccount=\count299
\calc@Cskip=\skip63
) (/Users/macbookair/Library/TinyTeX/texmf-dist/tex/latex/mdwtools/footnote.sty
Package: footnote 1997/01/28 1.13 Save footnotes around boxes
\fn@notes=\box62
\fn@width=\dimen178
) (/Users/macbookair/Library/TinyTeX/texmf-dist/tex/latex/graphics/graphicx.sty
Package: graphicx 2021/09/16 v1.2d Enhanced LaTeX Graphics (DPC,SPQR)
 (/Users/macbookair/Library/TinyTeX/texmf-dist/tex/latex/graphics/graphics.sty
Package: graphics 2024/08/06 v1.4g Standard LaTeX Graphics (DPC,SPQR)
 (/Users/macbookair/Library/TinyTeX/texmf-dist/tex/latex/graphics/trig.sty
Package: trig 2023/12/02 v1.11 sin cos tan (DPC)
) (/Users/macbookair/Library/TinyTeX/texmf-dist/tex/latex/graphics-cfg/graphics.cfg
File: graphics.cfg 2016/06/04 v1.11 sample graphics configuration
)
Package graphics Info: Driver file: pdftex.def on input line 106.
)
\Gin@req@height=\dimen179
\Gin@req@width=\dimen180
)
\cslhangindent=\skip64
\csllabelwidth=\skip65
 (/Users/macbookair/Library/TinyTeX/texmf-dist/tex/latex/multirow/multirow.sty
Package: multirow 2024/11/12 v2.9 Span multiple rows of a table
\multirow@colwidth=\skip66
\multirow@cntb=\count300
\multirow@dima=\skip67
\bigstrutjot=\dimen181
) (/Users/macbookair/Library/TinyTeX/texmf-dist/tex/latex/wrapfig/wrapfig.sty
\wrapoverhang=\dimen182
\WF@size=\dimen183
\c@WF@wrappedlines=\count301
\WF@box=\box63
\WF@everypar=\toks30
Package: wrapfig 2003/01/31  v 3.6
) (/Users/macbookair/Library/TinyTeX/texmf-dist/tex/latex/float/float.sty
Package: float 2001/11/08 v1.3d Float enhancements (AL)
\c@float@type=\count302
\float@exts=\toks31
\float@box=\box64
\@float@everytoks=\toks32
\@floatcapt=\box65
) (/Users/macbookair/Library/TinyTeX/texmf-dist/tex/latex/colortbl/colortbl.sty
Package: colortbl 2024/07/06 v1.0i Color table columns (DPC)
\everycr=\toks33
\minrowclearance=\skip68
\rownum=\count303
) (/Users/macbookair/Library/TinyTeX/texmf-dist/tex/latex/pdflscape/pdflscape.sty
Package: pdflscape 2022-10-27 v0.13 Display of landscape pages in PDF
 (/Users/macbookair/Library/TinyTeX/texmf-dist/tex/latex/pdflscape/pdflscape-nometadata.sty
Package: pdflscape-nometadata 2022-10-28 v0.13 Display of landscape pages in PDF (HO)
 (/Users/macbookair/Library/TinyTeX/texmf-dist/tex/latex/graphics/lscape.sty
Package: lscape 2020/05/28 v3.02 Landscape Pages (DPC)
)
Package pdflscape Info: Auto-detected driver: pdftex on input line 81.
)) (/Users/macbookair/Library/TinyTeX/texmf-dist/tex/latex/tabu/tabu.sty
Package: tabu 2019/01/11 v2.9 - flexible LaTeX tabulars (FC+tabu-fixed)
 (/Users/macbookair/Library/TinyTeX/texmf-dist/tex/latex/varwidth/varwidth.sty
Package: varwidth 2009/03/30 ver 0.92;  Variable-width minipages
\@vwid@box=\box66
\sift@deathcycles=\count304
\@vwid@loff=\dimen184
\@vwid@roff=\dimen185
)
\c@taburow=\count305
\tabu@nbcols=\count306
\tabu@cnt=\count307
\tabu@Xcol=\count308
\tabu@alloc=\count309
\tabu@nested=\count310
\tabu@target=\dimen186
\tabu@spreadtarget=\dimen187
\tabu@naturalX=\dimen188
\tabucolX=\dimen189
\tabu@Xsum=\dimen190
\extrarowdepth=\dimen191
\abovetabulinesep=\dimen192
\belowtabulinesep=\dimen193
\tabustrutrule=\dimen194
\tabu@thebody=\toks34
\tabu@footnotes=\toks35
\tabu@box=\box67
\tabu@arstrutbox=\box68
\tabu@hleads=\box69
\tabu@vleads=\box70
\tabu@cellskip=\skip69
) (/Users/macbookair/Library/TinyTeX/texmf-dist/tex/latex/threeparttable/threeparttable.sty
Package: threeparttable 2003/06/13  v 3.0
\@tempboxb=\box71
) (/Users/macbookair/Library/TinyTeX/texmf-dist/tex/latex/threeparttablex/threeparttablex.sty
Package: threeparttablex 2013/07/23 v0.3 by daleif
 (/Users/macbookair/Library/TinyTeX/texmf-dist/tex/latex/environ/environ.sty
Package: environ 2014/05/04 v0.3 A new way to define environments
 (/Users/macbookair/Library/TinyTeX/texmf-dist/tex/latex/trimspaces/trimspaces.sty
Package: trimspaces 2009/09/17 v1.1 Trim spaces around a token list
))
\TPTL@width=\skip70
) (/Users/macbookair/Library/TinyTeX/texmf-dist/tex/generic/ulem/ulem.sty
\UL@box=\box72
\UL@hyphenbox=\box73
\UL@skip=\skip71
\UL@hook=\toks36
\UL@height=\dimen195
\UL@pe=\count311
\UL@pixel=\dimen196
\ULC@box=\box74
Package: ulem 2019/11/18
\ULdepth=\dimen197
) (/Users/macbookair/Library/TinyTeX/texmf-dist/tex/latex/makecell/makecell.sty
Package: makecell 2009/08/03 V0.1e Managing of Tab Column Heads and Cells
\rotheadsize=\dimen198
\c@nlinenum=\count312
\TeXr@lab=\toks37
) (/Users/macbookair/Library/TinyTeX/texmf-dist/tex/latex/preprint/authblk.sty
Package: authblk 2001/02/27 1.3 (PWD)
\affilsep=\skip72
\@affilsep=\skip73
\c@Maxaffil=\count313
\c@authors=\count314
\c@affil=\count315
) (/Users/macbookair/Library/TinyTeX/texmf-dist/tex/latex/caption/caption.sty
Package: caption 2023/08/05 v3.6o Customizing captions (AR)
 (/Users/macbookair/Library/TinyTeX/texmf-dist/tex/latex/caption/caption3.sty
Package: caption3 2023/07/31 v2.4d caption3 kernel (AR)
\caption@tempdima=\dimen199
\captionmargin=\dimen256
\caption@leftmargin=\dimen257
\caption@rightmargin=\dimen258
\caption@width=\dimen259
\caption@indent=\dimen260
\caption@parindent=\dimen261
\caption@hangindent=\dimen262
Package caption Info: Standard document class detected.
)
\c@caption@flags=\count316
\c@continuedfloat=\count317
Package caption Info: float package is loaded.
Package caption Info: longtable package is loaded.
 (/Users/macbookair/Library/TinyTeX/texmf-dist/tex/latex/caption/ltcaption.sty
Package: ltcaption 2021/01/08 v1.4c longtable captions (AR)
)
Package caption Info: threeparttable package is loaded.
Package caption Info: wrapfig package is loaded.
)
\@float@every@codelisting=\toks38
\c@codelisting=\count318
 (/Users/macbookair/Library/TinyTeX/texmf-dist/tex/latex/caption/subcaption.sty
Package: subcaption 2023/07/28 v1.6b Sub-captions (AR)
Package caption Info: New subtype `subfigure' on input line 238.
\c@subfigure=\count319
Package caption Info: New subtype `subtable' on input line 238.
\c@subtable=\count320
) (/Users/macbookair/Library/TinyTeX/texmf-dist/tex/latex/bookmark/bookmark.sty
Package: bookmark 2023-12-10 v1.31 PDF bookmarks (HO)
 (/Users/macbookair/Library/TinyTeX/texmf-dist/tex/latex/hyperref/hyperref.sty
Package: hyperref 2024-11-05 v7.01l Hypertext links for LaTeX
 (/Users/macbookair/Library/TinyTeX/texmf-dist/tex/generic/kvdefinekeys/kvdefinekeys.sty
Package: kvdefinekeys 2019-12-19 v1.6 Define keys (HO)
) (/Users/macbookair/Library/TinyTeX/texmf-dist/tex/generic/pdfescape/pdfescape.sty
Package: pdfescape 2019/12/09 v1.15 Implements pdfTeX's escape features (HO)
 (/Users/macbookair/Library/TinyTeX/texmf-dist/tex/generic/pdftexcmds/pdftexcmds.sty
Package: pdftexcmds 2020-06-27 v0.33 Utility functions of pdfTeX for LuaTeX (HO)
 (/Users/macbookair/Library/TinyTeX/texmf-dist/tex/generic/infwarerr/infwarerr.sty
Package: infwarerr 2019/12/03 v1.5 Providing info/warning/error messages (HO)
)
Package pdftexcmds Info: \pdf@primitive is available.
Package pdftexcmds Info: \pdf@ifprimitive is available.
Package pdftexcmds Info: \pdfdraftmode found.
)) (/Users/macbookair/Library/TinyTeX/texmf-dist/tex/latex/hycolor/hycolor.sty
Package: hycolor 2020-01-27 v1.10 Color options for hyperref/bookmark (HO)
) (/Users/macbookair/Library/TinyTeX/texmf-dist/tex/latex/hyperref/nameref.sty
Package: nameref 2023-11-26 v2.56 Cross-referencing by name of section
 (/Users/macbookair/Library/TinyTeX/texmf-dist/tex/latex/refcount/refcount.sty
Package: refcount 2019/12/15 v3.6 Data extraction from label references (HO)
) (/Users/macbookair/Library/TinyTeX/texmf-dist/tex/generic/gettitlestring/gettitlestring.sty
Package: gettitlestring 2019/12/15 v1.6 Cleanup title references (HO)
)
\c@section@level=\count321
) (/Users/macbookair/Library/TinyTeX/texmf-dist/tex/generic/stringenc/stringenc.sty
Package: stringenc 2019/11/29 v1.12 Convert strings between diff. encodings (HO)
)
\@linkdim=\dimen263
\Hy@linkcounter=\count322
\Hy@pagecounter=\count323
 (/Users/macbookair/Library/TinyTeX/texmf-dist/tex/latex/hyperref/pd1enc.def
File: pd1enc.def 2024-11-05 v7.01l Hyperref: PDFDocEncoding definition (HO)
Now handling font encoding PD1 ...
... no UTF-8 mapping file for font encoding PD1
) (/Users/macbookair/Library/TinyTeX/texmf-dist/tex/generic/intcalc/intcalc.sty
Package: intcalc 2019/12/15 v1.3 Expandable calculations with integers (HO)
)
\Hy@SavedSpaceFactor=\count324
 (/Users/macbookair/Library/TinyTeX/texmf-dist/tex/latex/hyperref/puenc.def
File: puenc.def 2024-11-05 v7.01l Hyperref: PDF Unicode definition (HO)
Now handling font encoding PU ...
... no UTF-8 mapping file for font encoding PU
)
Package hyperref Info: Option `unicode' set `true' on input line 4040.
Package hyperref Info: Hyper figures OFF on input line 4157.
Package hyperref Info: Link nesting OFF on input line 4162.
Package hyperref Info: Hyper index ON on input line 4165.
Package hyperref Info: Plain pages OFF on input line 4172.
Package hyperref Info: Backreferencing OFF on input line 4177.
Package hyperref Info: Implicit mode ON; LaTeX internals redefined.
Package hyperref Info: Bookmarks ON on input line 4424.
\c@Hy@tempcnt=\count325
 (/Users/macbookair/Library/TinyTeX/texmf-dist/tex/latex/url/url.sty
\Urlmuskip=\muskip18
Package: url 2013/09/16  ver 3.4  Verb mode for urls, etc.
)
LaTeX Info: Redefining \url on input line 4763.
\XeTeXLinkMargin=\dimen264
 (/Users/macbookair/Library/TinyTeX/texmf-dist/tex/generic/bitset/bitset.sty
Package: bitset 2019/12/09 v1.3 Handle bit-vector datatype (HO)
 (/Users/macbookair/Library/TinyTeX/texmf-dist/tex/generic/bigintcalc/bigintcalc.sty
Package: bigintcalc 2019/12/15 v1.5 Expandable calculations on big integers (HO)
))
\Fld@menulength=\count326
\Field@Width=\dimen265
\Fld@charsize=\dimen266
Package hyperref Info: Hyper figures OFF on input line 6042.
Package hyperref Info: Link nesting OFF on input line 6047.
Package hyperref Info: Hyper index ON on input line 6050.
Package hyperref Info: backreferencing OFF on input line 6057.
Package hyperref Info: Link coloring OFF on input line 6062.
Package hyperref Info: Link coloring with OCG OFF on input line 6067.
Package hyperref Info: PDF/A mode OFF on input line 6072.
 (/Users/macbookair/Library/TinyTeX/texmf-dist/tex/latex/base/atbegshi-ltx.sty
Package: atbegshi-ltx 2021/01/10 v1.0c Emulation of the original atbegshi
package with kernel methods
)
\Hy@abspage=\count327
\c@Item=\count328
\c@Hfootnote=\count329
)
Package hyperref Info: Driver (autodetected): hpdftex.
 (/Users/macbookair/Library/TinyTeX/texmf-dist/tex/latex/hyperref/hpdftex.def
File: hpdftex.def 2024-11-05 v7.01l Hyperref driver for pdfTeX
 (/Users/macbookair/Library/TinyTeX/texmf-dist/tex/latex/base/atveryend-ltx.sty
Package: atveryend-ltx 2020/08/19 v1.0a Emulation of the original atveryend package
with kernel methods
)
\Fld@listcount=\count330
\c@bookmark@seq@number=\count331
 (/Users/macbookair/Library/TinyTeX/texmf-dist/tex/latex/rerunfilecheck/rerunfilecheck.sty
Package: rerunfilecheck 2022-07-10 v1.10 Rerun checks for auxiliary files (HO)
 (/Users/macbookair/Library/TinyTeX/texmf-dist/tex/generic/uniquecounter/uniquecounter.sty
Package: uniquecounter 2019/12/15 v1.4 Provide unlimited unique counter (HO)
)
Package uniquecounter Info: New unique counter `rerunfilecheck' on input line 285.
)
\Hy@SectionHShift=\skip74
) (/Users/macbookair/Library/TinyTeX/texmf-dist/tex/latex/bookmark/bkm-pdftex.def
File: bkm-pdftex.def 2023-12-10 v1.31 bookmark driver for pdfTeX and luaTeX (HO)
\BKM@id=\count332
))
Package hyperref Info: Option `colorlinks' set `true' on input line 191.
LaTeX Font Info:    Trying to load font information for T1+lmr on input line 199.
 (/Users/macbookair/Library/TinyTeX/texmf-dist/tex/latex/lm/t1lmr.fd
File: t1lmr.fd 2015/05/01 v1.6.1 Font defs for Latin Modern
) (/Users/macbookair/Library/TinyTeX/texmf-dist/tex/latex/l3backend/l3backend-pdftex.def
File: l3backend-pdftex.def 2024-05-08 L3 backend support: PDF output (pdfTeX)
\l__color_backend_stack_int=\count333
\l__pdf_internal_box=\box75
)
No file paper-blinded-resubmit.aux.
\openout1 = `paper-blinded-resubmit.aux'.

LaTeX Font Info:    Checking defaults for OML/cmm/m/it on input line 199.
LaTeX Font Info:    ... okay on input line 199.
LaTeX Font Info:    Checking defaults for OMS/cmsy/m/n on input line 199.
LaTeX Font Info:    ... okay on input line 199.
LaTeX Font Info:    Checking defaults for OT1/cmr/m/n on input line 199.
LaTeX Font Info:    ... okay on input line 199.
LaTeX Font Info:    Checking defaults for T1/cmr/m/n on input line 199.
LaTeX Font Info:    ... okay on input line 199.
LaTeX Font Info:    Checking defaults for TS1/cmr/m/n on input line 199.
LaTeX Font Info:    ... okay on input line 199.
LaTeX Font Info:    Checking defaults for OMX/cmex/m/n on input line 199.
LaTeX Font Info:    ... okay on input line 199.
LaTeX Font Info:    Checking defaults for U/cmr/m/n on input line 199.
LaTeX Font Info:    ... okay on input line 199.
LaTeX Font Info:    Checking defaults for PD1/pdf/m/n on input line 199.
LaTeX Font Info:    ... okay on input line 199.
LaTeX Font Info:    Checking defaults for PU/pdf/m/n on input line 199.
LaTeX Font Info:    ... okay on input line 199.
LaTeX Info: Redefining \microtypecontext on input line 199.
Package microtype Info: Applying patch `item' on input line 199.
Package microtype Info: Applying patch `toc' on input line 199.
Package microtype Info: Applying patch `eqnum' on input line 199.
Package microtype Info: Applying patch `footnote' on input line 199.
Package microtype Info: Applying patch `verbatim' on input line 199.
Package microtype Info: Generating PDF output.
Package microtype Info: Character protrusion enabled (level 2).
Package microtype Info: Using protrusion set `basicmath'.
Package microtype Info: Automatic font expansion enabled (level 2),
(microtype)             stretch: 20, shrink: 20, step: 1, non-selected.
Package microtype Info: Using default expansion set `alltext-nott'.
LaTeX Info: Redefining \showhyphens on input line 199.
Package microtype Info: No adjustment of tracking.
Package microtype Info: No adjustment of interword spacing.
Package microtype Info: No adjustment of character kerning.
(/Users/macbookair/Library/TinyTeX/texmf-dist/tex/latex/microtype/mt-cmr.cfg
File: mt-cmr.cfg 2013/05/19 v2.2 microtype config. file: Computer Modern Roman (RS)
) (/Users/macbookair/Library/TinyTeX/texmf-dist/tex/latex/epstopdf-pkg/epstopdf-base.sty
Package: epstopdf-base 2020-01-24 v2.11 Base part for package epstopdf
Package epstopdf-base Info: Redefining graphics rule for `.eps' on input line 485.
 (/Users/macbookair/Library/TinyTeX/texmf-dist/tex/latex/latexconfig/epstopdf-sys.cfg
File: epstopdf-sys.cfg 2010/07/13 v1.3 Configuration of (r)epstopdf for TeX Live
))
*geometry* driver: auto-detecting
*geometry* detected driver: pdftex
*geometry* verbose mode - [ preamble ] result:
* driver: pdftex
* paper: <default>
* layout: <same size as paper>
* layoutoffset:(h,v)=(0.0pt,0.0pt)
* modes: 
* h-part:(L,W,R)=(56.9055pt, 500.484pt, 56.9055pt)
* v-part:(T,H,B)=(56.9055pt, 681.15898pt, 56.9055pt)
* \paperwidth=614.295pt
* \paperheight=794.96999pt
* \textwidth=500.484pt
* \textheight=681.15898pt
* \oddsidemargin=-15.36449pt
* \evensidemargin=-15.36449pt
* \topmargin=-52.36449pt
* \headheight=12.0pt
* \headsep=25.0pt
* \topskip=12.0pt
* \footskip=30.0pt
* \marginparwidth=44.0pt
* \marginparsep=10.0pt
* \columnsep=10.0pt
* \skip\footins=10.8pt plus 4.0pt minus 2.0pt
* \hoffset=0.0pt
* \voffset=0.0pt
* \mag=1000
* \@twocolumnfalse
* \@twosidefalse
* \@mparswitchfalse
* \@reversemarginfalse
* (1in=72.27pt=25.4mm, 1cm=28.453pt)

Package caption Info: Begin \AtBeginDocument code.
Package caption Info: hyperref package is loaded.
Package caption Info: End \AtBeginDocument code.
Package hyperref Info: Link coloring ON on input line 199.
LaTeX Font Info:    Trying to load font information for OT1+lmr on input line 212.
(/Users/macbookair/Library/TinyTeX/texmf-dist/tex/latex/lm/ot1lmr.fd
File: ot1lmr.fd 2015/05/01 v1.6.1 Font defs for Latin Modern
)
LaTeX Font Info:    Trying to load font information for OML+lmm on input line 212.
 (/Users/macbookair/Library/TinyTeX/texmf-dist/tex/latex/lm/omllmm.fd
File: omllmm.fd 2015/05/01 v1.6.1 Font defs for Latin Modern
)
LaTeX Font Info:    Trying to load font information for OMS+lmsy on input line 212.
 (/Users/macbookair/Library/TinyTeX/texmf-dist/tex/latex/lm/omslmsy.fd
File: omslmsy.fd 2015/05/01 v1.6.1 Font defs for Latin Modern
)
LaTeX Font Info:    Trying to load font information for OMX+lmex on input line 212.
 (/Users/macbookair/Library/TinyTeX/texmf-dist/tex/latex/lm/omxlmex.fd
File: omxlmex.fd 2015/05/01 v1.6.1 Font defs for Latin Modern
)
LaTeX Font Info:    External font `lmex10' loaded for size
(Font)              <10.95> on input line 212.
LaTeX Font Info:    External font `lmex10' loaded for size
(Font)              <8> on input line 212.
LaTeX Font Info:    External font `lmex10' loaded for size
(Font)              <6> on input line 212.
LaTeX Font Info:    Trying to load font information for U+msa on input line 212.
 (/Users/macbookair/Library/TinyTeX/texmf-dist/tex/latex/amsfonts/umsa.fd
File: umsa.fd 2013/01/14 v3.01 AMS symbols A
) (/Users/macbookair/Library/TinyTeX/texmf-dist/tex/latex/microtype/mt-msa.cfg
File: mt-msa.cfg 2006/02/04 v1.1 microtype config. file: AMS symbols (a) (RS)
)
LaTeX Font Info:    Trying to load font information for U+msb on input line 212.
 (/Users/macbookair/Library/TinyTeX/texmf-dist/tex/latex/amsfonts/umsb.fd
File: umsb.fd 2013/01/14 v3.01 AMS symbols B
) (/Users/macbookair/Library/TinyTeX/texmf-dist/tex/latex/microtype/mt-msb.cfg
File: mt-msb.cfg 2005/06/01 v1.0 microtype config. file: AMS symbols (b) (RS)
)

LaTeX Warning: Citation `ref-chancel_world_2022' on page 1 undefined on input line 240.


LaTeX Warning: Citation `ref-janmaat_subjective_2013' on page 1 undefined on input line 244.


LaTeX Warning: Citation `ref-castillo_perception_2022' on page 1 undefined on input line 247.


LaTeX Warning: Citation `ref-kluegel_social_1995a' on page 1 undefined on input line 256.


LaTeX Warning: Citation `ref-kluegel_beliefs_1986' on page 1 undefined on input line 257.


LaTeX Warning: Citation `ref-lane_political_1962' on page 1 undefined on input line 258.


LaTeX Warning: Citation `ref-lane_market_1986' on page 1 undefined on input line 259.


LaTeX Warning: Citation `ref-lane_market_1986' on page 1 undefined on input line 261.


LaTeX Warning: Citation `ref-busemeyer_skills_2014' on page 1 undefined on input line 269.


LaTeX Warning: Citation `ref-castillo_socialization_2024' on page 1 undefined on input line 270.


LaTeX Warning: Citation `ref-immergut_it_2020' on page 1 undefined on input line 271.


LaTeX Warning: Citation `ref-koos_moral_2019' on page 1 undefined on input line 272.


LaTeX Warning: Citation `ref-lindh_public_2015' on page 1 undefined on input line 273.


LaTeX Warning: Citation `ref-lindh_bringing_2023' on page 1 undefined on input line 274.


LaTeX Warning: Citation `ref-busemeyer_skills_2014' on page 1 undefined on input line 281.


LaTeX Warning: Citation `ref-koos_moral_2019' on page 1 undefined on input line 282.


LaTeX Warning: Citation `ref-lindh_public_2015' on page 1 undefined on input line 283.



[1

{/Users/macbookair/Library/TinyTeX/texmf-var/fonts/map/pdftex/updmap/pdftex.map}{/Users/macbookair/Library/TinyTeX/texmf-dist/fonts/enc/dvips/lm/lm-ec.enc}

LaTeX Warning: No \author given.

{/Users/macbookair/Library/TinyTeX/texmf-dist/fonts/enc/dvips/lm/lm-mathit.enc}]

LaTeX Warning: Citation `ref-akyelken_urban_2020' on page 2 undefined on input line 292.


LaTeX Warning: Citation `ref-trump_income_2018' on page 2 undefined on input line 295.


LaTeX Warning: Citation `ref-castillo_perception_2022' on page 2 undefined on input line 299.


LaTeX Warning: Citation `ref-schroder_income_2017' on page 2 undefined on input line 300.


LaTeX Warning: Citation `ref-castillo_perception_2022' on page 2 undefined on input line 302.


LaTeX Warning: Citation `ref-garcia-sanchez_attitudes_2020' on page 2 undefined on input line 304.


LaTeX Warning: Citation `ref-garcia-sanchez_perceptions_2018' on page 2 undefined on input line 304.


LaTeX Warning: Citation `ref-davis_principles_2001' on page 2 undefined on input line 314.


LaTeX Warning: Citation `ref-young_rise_1962' on page 2 undefined on input line 315.


LaTeX Warning: Citation `ref-batruch_belief_2023' on page 2 undefined on input line 319.


LaTeX Warning: Citation `ref-mijs_paradox_2021' on page 2 undefined on input line 320.


LaTeX Warning: Citation `ref-wilson_role_2003' on page 2 undefined on input line 321.


LaTeX Warning: Citation `ref-boccardo_30_2020' on page 2 undefined on input line 324.


LaTeX Warning: Citation `ref-madariaga_three_2020' on page 2 undefined on input line 325.


LaTeX Warning: Citation `ref-somma_no_2021' on page 2 undefined on input line 336.



[2]

LaTeX Warning: Citation `ref-lane_market_1986' on page 3 undefined on input line 347.


LaTeX Warning: Citation `ref-lane_market_1986' on page 3 undefined on input line 357.


LaTeX Warning: Citation `ref-kluegel_legitimation_1999' on page 3 undefined on input line 363.


LaTeX Warning: Citation `ref-lindh_public_2015' on page 3 undefined on input line 364.


LaTeX Warning: Citation `ref-kluegel_beliefs_1981' on page 3 undefined on input line 371.


LaTeX Warning: Citation `ref-vondemknesebeck_are_2016' on page 3 undefined on input line 376.


LaTeX Warning: Citation `ref-immergut_it_2020' on page 3 undefined on input line 377.


LaTeX Warning: Citation `ref-lee_fairness_2023' on page 3 undefined on input line 380.


LaTeX Warning: Citation `ref-lindh_public_2015' on page 3 undefined on input line 384.


LaTeX Warning: Citation `ref-svallfors_political_2007' on page 3 undefined on input line 384.


LaTeX Warning: Citation `ref-castillo_socialization_2024' on page 3 undefined on input line 386.


LaTeX Warning: Citation `ref-pierson_when_1993' on page 3 undefined on input line 396.


LaTeX Warning: Citation `ref-koos_moral_2019' on page 3 undefined on input line 400.


LaTeX Warning: Citation `ref-lindh_public_2015' on page 3 undefined on input line 401.


LaTeX Warning: Citation `ref-svallfors_political_2007' on page 3 undefined on input line 402.


LaTeX Warning: Citation `ref-castillo_socialization_2024' on page 3 undefined on input line 411.


LaTeX Warning: Citation `ref-lee_fairness_2023' on page 3 undefined on input line 412.


LaTeX Warning: Citation `ref-immergut_it_2020' on page 3 undefined on input line 420.


LaTeX Warning: Citation `ref-lindh_public_2015' on page 3 undefined on input line 420.



[3]

LaTeX Warning: Citation `ref-akyelken_urban_2020' on page 4 undefined on input line 429.


LaTeX Warning: Citation `ref-garcia-castro_perceiving_2020' on page 4 undefined on input line 434.


LaTeX Warning: Citation `ref-gimpelson_misperceiving_2018' on page 4 undefined on input line 435.


LaTeX Warning: Citation `ref-mijs_stratified_2016' on page 4 undefined on input line 435.


LaTeX Warning: Citation `ref-engelhardt_what_2018' on page 4 undefined on input line 440.


LaTeX Warning: Citation `ref-garcia-sanchez_vicious_2019' on page 4 undefined on input line 442.


LaTeX Warning: Citation `ref-castillo_perception_2022' on page 4 undefined on input line 445.


LaTeX Warning: Citation `ref-garcia-sanchez_perceptions_2018' on page 4 undefined on input line 447.


LaTeX Warning: Citation `ref-castillo_perception_2022' on page 4 undefined on input line 451.


LaTeX Warning: Citation `ref-garcia-sanchez_vicious_2019' on page 4 undefined on input line 452.


LaTeX Warning: Citation `ref-mccall_exposure_2017' on page 4 undefined on input line 452.


LaTeX Warning: Citation `ref-trump_income_2018' on page 4 undefined on input line 453.


LaTeX Warning: Citation `ref-Castillo2011' on page 4 undefined on input line 456.


LaTeX Warning: Citation `ref-gimpelson_misperceiving_2018' on page 4 undefined on input line 458.


LaTeX Warning: Citation `ref-kuhn_eye_2011' on page 4 undefined on input line 460.


LaTeX Warning: Citation `ref-garcia-sanchez_vicious_2019' on page 4 undefined on input line 464.


LaTeX Warning: Citation `ref-Castillo2011' on page 4 undefined on input line 471.


LaTeX Warning: Citation `ref-garcia-sanchez_vicious_2019' on page 4 undefined on input line 473.


LaTeX Warning: Citation `ref-auspurg_why_2017' on page 4 undefined on input line 478.


LaTeX Warning: Citation `ref-garcia-sanchez_creencias_2022' on page 4 undefined on input line 480.


LaTeX Warning: Citation `ref-castillo_percepcion_2019' on page 4 undefined on input line 486.


LaTeX Warning: Citation `ref-easterbrook_social_2021' on page 4 undefined on input line 487.


LaTeX Warning: Citation `ref-willis_legitimacy_2015' on page 4 undefined on input line 488.


LaTeX Warning: Citation `ref-garcia-sanchez_perceptions_2018' on page 4 undefined on input line 491.


LaTeX Warning: Citation `ref-pedersen_attitudes_2019' on page 4 undefined on input line 492.



[4]

LaTeX Warning: Citation `ref-mijs_unfulfillable_2016' on page 5 undefined on input line 499.


LaTeX Warning: Citation `ref-wilson_role_2003' on page 5 undefined on input line 500.


LaTeX Warning: Citation `ref-young_rise_1962' on page 5 undefined on input line 505.


LaTeX Warning: Citation `ref-mijs_paradox_2021' on page 5 undefined on input line 510.


LaTeX Warning: Citation `ref-sandel_tyranny_2020' on page 5 undefined on input line 511.


LaTeX Warning: Citation `ref-mijs_paradox_2021' on page 5 undefined on input line 516.


LaTeX Warning: Citation `ref-batruch_belief_2023' on page 5 undefined on input line 519.


LaTeX Warning: Citation `ref-castillo_percepcion_2019' on page 5 undefined on input line 520.


LaTeX Warning: Citation `ref-tejero-peregrina_perceived_2025' on page 5 undefined on input line 521.


LaTeX Warning: Citation `ref-hauser_misperceptions_2017' on page 5 undefined on input line 524.


LaTeX Warning: Citation `ref-reynolds_perceptions_2014' on page 5 undefined on input line 525.


LaTeX Warning: Citation `ref-castillo_multidimensional_2023' on page 5 undefined on input line 533.


LaTeX Warning: Citation `ref-janmaat_subjective_2013' on page 5 undefined on input line 538.


LaTeX Warning: Citation `ref-mijs_belief_2022' on page 5 undefined on input line 544.


LaTeX Warning: Citation `ref-castillo_multidimensional_2023' on page 5 undefined on input line 547.


LaTeX Warning: Citation `ref-reynolds_perceptions_2014' on page 5 undefined on input line 552.


LaTeX Warning: Citation `ref-young_rise_1962' on page 5 undefined on input line 552.


LaTeX Warning: Citation `ref-dubet_repensar_2011' on page 5 undefined on input line 556.


LaTeX Warning: Citation `ref-young_rise_1962' on page 5 undefined on input line 559.


LaTeX Warning: Citation `ref-hoyt_mindsets_2023' on page 5 undefined on input line 569.


LaTeX Warning: Citation `ref-tejero-peregrina_perceived_2025' on page 5 undefined on input line 571.


LaTeX Warning: Citation `ref-batruch_belief_2023' on page 5 undefined on input line 572.


LaTeX Warning: Citation `ref-day_movin_2017' on page 5 undefined on input line 574.


LaTeX Warning: Citation `ref-castillo_percepcion_2019' on page 5 undefined on input line 575.


LaTeX Warning: Citation `ref-castillo_socialization_2024' on page 5 undefined on input line 580.


LaTeX Warning: Citation `ref-busemeyer_positive_2021' on page 5 undefined on input line 582.



[5]

LaTeX Warning: Citation `ref-ferre_welfare_2023' on page 6 undefined on input line 594.


LaTeX Warning: Citation `ref-boccardo_30_2020' on page 6 undefined on input line 599.


LaTeX Warning: Citation `ref-madariaga_three_2020' on page 6 undefined on input line 600.


LaTeX Warning: Citation `ref-lopez-roldan_comparative_2021' on page 6 undefined on input line 607.


LaTeX Warning: Citation `ref-torche_intergenerational_2014a' on page 6 undefined on input line 607.


LaTeX Warning: Citation `ref-espinoza_movilidad_2014' on page 6 undefined on input line 610.


LaTeX Warning: Citation `ref-flores_top_2020' on page 6 undefined on input line 615.


LaTeX Warning: Citation `ref-somma_no_2021' on page 6 undefined on input line 624.


LaTeX Warning: Citation `ref-castillo_perception_2022' on page 6 undefined on input line 639.


LaTeX Warning: Citation `ref-canalesceron_sujeto_2021' on page 6 undefined on input line 650.


LaTeX Warning: Citation `ref-mac-clure_justicia_2024' on page 6 undefined on input line 651.



[6]

LaTeX Warning: Citation `ref-castillo_socialization_2024' on page 7 undefined on input line 658.


LaTeX Warning: Citation `ref-disipavlic_justification_2025' on page 7 undefined on input line 685.

LaTeX Font Info:    External font `lmex10' loaded for size
(Font)              <12> on input line 694.


[7{/Users/macbookair/Library/TinyTeX/texmf-dist/fonts/enc/dvips/lm/lm-rm.enc}]

LaTeX Warning: Reference `tbl-summary1' on page 8 undefined on input line 776.



[8]

LaTeX Warning: Citation `ref-castillo_cual_2009' on page 9 undefined on input line 876.


LaTeX Warning: Citation `ref-gijsberts_thelegitimation_1999' on page 9 undefined on input line 877.


LaTeX Warning: Citation `ref-hadler_why_2005' on page 9 undefined on input line 878.


LaTeX Warning: Citation `ref-Castillo2011' on page 9 undefined on input line 883.



[9]

LaTeX Warning: Citation `ref-young_rise_1962' on page 10 undefined on input line 894.


LaTeX Warning: Citation `ref-castillo_socialization_2024' on page 10 undefined on input line 992.


LaTeX Warning: Citation `ref-lindh_public_2015' on page 10 undefined on input line 992.


LaTeX Warning: Citation `ref-schneider_poverty_2015' on page 10 undefined on input line 998.



[10{/Users/macbookair/Library/TinyTeX/texmf-dist/fonts/enc/dvips/lm/lm-mathex.enc}]

LaTeX Warning: Citation `ref-singer_applied_2009' on page 11 undefined on input line 1006.


LaTeX Warning: Citation `ref-bates_fitting_2015' on page 11 undefined on input line 1020.


LaTeX Warning: Reference `fig-alluvial' on page 11 undefined on input line 1026.

<paper-blinded-resubmit_files/figure-pdf/fig-alluvial-1.pdf, id=71, 542.025pt x 650.43pt>
File: paper-blinded-resubmit_files/figure-pdf/fig-alluvial-1.pdf Graphic file (type pdf)
<use paper-blinded-resubmit_files/figure-pdf/fig-alluvial-1.pdf>
Package pdftex.def Info: paper-blinded-resubmit_files/figure-pdf/fig-alluvial-1.pdf  used on input line 1053.
(pdftex.def)             Requested size: 500.50513pt x 600.60616pt.


[11]

LaTeX Warning: Reference `fig-meanchange' on page 12 undefined on input line 1060.



[12 <./paper-blinded-resubmit_files/figure-pdf/fig-alluvial-1.pdf>]
<paper-blinded-resubmit_files/figure-pdf/fig-meanchange-1.pdf, id=92, 542.025pt x 433.62pt>
File: paper-blinded-resubmit_files/figure-pdf/fig-meanchange-1.pdf Graphic file (type pdf)
<use paper-blinded-resubmit_files/figure-pdf/fig-meanchange-1.pdf>
Package pdftex.def Info: paper-blinded-resubmit_files/figure-pdf/fig-meanchange-1.pdf  used on input line 1085.
(pdftex.def)             Requested size: 500.50513pt x 400.4041pt.


LaTeX Warning: Reference `tbl-modelos' on page 13 undefined on input line 1093.


LaTeX Warning: Citation `ref-hoxMultilevelAnalysisTechniques2017a' on page 13 undefined on input line 1096.



[13 <./paper-blinded-resubmit_files/figure-pdf/fig-meanchange-1.pdf>]
LaTeX Font Info:    External font `lmex10' loaded for size
(Font)              <5> on input line 1159.

Overfull \hbox (4.84937pt too wide) in paragraph at lines 1159--1161
 [] 
 []



[14]

[15{/Users/macbookair/Library/TinyTeX/texmf-dist/fonts/enc/dvips/lm/lm-mathsy.enc}]
<paper-blinded-resubmit_files/figure-pdf/fig-interact-1.pdf, id=118, 542.025pt x 542.025pt>
File: paper-blinded-resubmit_files/figure-pdf/fig-interact-1.pdf Graphic file (type pdf)
<use paper-blinded-resubmit_files/figure-pdf/fig-interact-1.pdf>
Package pdftex.def Info: paper-blinded-resubmit_files/figure-pdf/fig-interact-1.pdf  used on input line 1288.
(pdftex.def)             Requested size: 500.50513pt x 500.50513pt.


LaTeX Warning: Reference `tbl-interactions1' on page 16 undefined on input line 1294.



[16 <./paper-blinded-resubmit_files/figure-pdf/fig-interact-1.pdf>]

[17]

LaTeX Warning: Reference `fig-interact' on page 18 undefined on input line 1313.


LaTeX Warning: Citation `ref-Castillo2012a_justice' on page 18 undefined on input line 1349.


LaTeX Warning: Citation `ref-garcia-sanchez_vicious_2019' on page 18 undefined on input line 1350.


LaTeX Warning: Citation `ref-mijs_paradox_2021' on page 18 undefined on input line 1351.


LaTeX Warning: Citation `ref-Castillo2012a_justice' on page 18 undefined on input line 1370.


LaTeX Warning: Citation `ref-hoyt_mindsets_2023' on page 18 undefined on input line 1371.


LaTeX Warning: Citation `ref-castillo_socialization_2024' on page 18 undefined on input line 1375.


LaTeX Warning: Citation `ref-canalesceron_sujeto_2021' on page 18 undefined on input line 1381.



[18]

[19]

LaTeX Warning: Citation `ref-busemeyer_skills_2014' on page 20 undefined on input line 1474.


LaTeX Warning: Citation `ref-immergut_it_2020' on page 20 undefined on input line 1475.


LaTeX Warning: Citation `ref-lindh_public_2015' on page 20 undefined on input line 1476.



[20]

[21]

[22]

[23]

[24]

[25]

[26] (./paper-blinded-resubmit.aux)
 ***********
LaTeX2e <2024-11-01> patch level 1
L3 programming layer <2024-11-02>
 ***********


LaTeX Warning: There were undefined references.


LaTeX Warning: Label(s) may have changed. Rerun to get cross-references right.

 ) 
Here is how much of TeX's memory you used:
 17402 strings out of 475229
 284613 string characters out of 5765707
 782375 words of memory out of 5000000
 39685 multiletter control sequences out of 15000+600000
 626429 words of font info for 178 fonts, out of 8000000 for 9000
 36 hyphenation exceptions out of 8191
 83i,13n,93p,1019b,537s stack positions out of 10000i,1000n,20000p,200000b,200000s
</Users/macbookair/Library/TinyTeX/texmf-dist/fonts/type1/public/lm/lmbx10.pfb></Users/macbookair/Library/TinyTeX/texmf-dist/fonts/type1/public/lm/lmbx12.pfb></Users/macbookair/Library/TinyTeX/texmf-dist/fonts/type1/public/lm/lmex10.pfb></Users/macbookair/Library/TinyTeX/texmf-dist/fonts/type1/public/lm/lmmi10.pfb></Users/macbookair/Library/TinyTeX/texmf-dist/fonts/type1/public/lm/lmmi12.pfb></Users/macbookair/Library/TinyTeX/texmf-dist/fonts/type1/public/lm/lmmi8.pfb></Users/macbookair/Library/TinyTeX/texmf-dist/fonts/type1/public/lm/lmr10.pfb></Users/macbookair/Library/TinyTeX/texmf-dist/fonts/type1/public/lm/lmr12.pfb></Users/macbookair/Library/TinyTeX/texmf-dist/fonts/type1/public/lm/lmr17.pfb></Users/macbookair/Library/TinyTeX/texmf-dist/fonts/type1/public/lm/lmr8.pfb></Users/macbookair/Library/TinyTeX/texmf-dist/fonts/type1/public/lm/lmri12.pfb></Users/macbookair/Library/TinyTeX/texmf-dist/fonts/type1/public/lm/lmsy10.pfb></Users/macbookair/Library/TinyTeX/texmf-dist/fonts/type1/public/lm/lmsy6.pfb></Users/macbookair/Library/TinyTeX/texmf-dist/fonts/type1/public/lm/lmsy8.pfb>
Output written on paper-blinded-resubmit.pdf (26 pages, 462334 bytes).
PDF statistics:
 475 PDF objects out of 1000 (max. 8388607)
 406 compressed objects within 5 object streams
 123 named destinations out of 1000 (max. 500000)
 34952 words of extra memory for PDF output out of 35830 (max. 10000000)

